This file contains any messages produced by compilers while
running configure, to aid debugging if configure makes a mistake.

It was created by streamripper configure 1.64.6, which was
generated by GNU Autoconf 2.63.  Invocation command line was

  $ ./configure 

## --------- ##
## Platform. ##
## --------- ##

hostname = benjamin-holmess-macbook-pro.local
uname -m = i386
uname -r = 9.6.0
uname -s = Darwin
uname -v = Darwin Kernel Version 9.6.0: Mon Nov 24 17:37:00 PST 2008; root:xnu-1228.9.59~1/RELEASE_I386

/usr/bin/uname -p = i386
/bin/uname -X     = unknown

/bin/arch              = unknown
/usr/bin/arch -k       = unknown
/usr/convex/getsysinfo = unknown
/usr/bin/hostinfo      = Mach kernel version:
	 Darwin Kernel Version 9.6.0: Mon Nov 24 17:37:00 PST 2008; root:xnu-1228.9.59~1/RELEASE_I386
Kernel configured for up to 2 processors.
2 processors are physically available.
2 processors are logically available.
Processor type: i486 (Intel 80486)
Processors active: 0 1
Primary memory available: 2.00 gigabytes
Default processor set: 79 tasks, 346 threads, 2 processors
Load average: 1.86, Mach factor: 1.37
/bin/machine           = unknown
/usr/bin/oslevel       = unknown
/bin/universe          = unknown

PATH: /opt/local/bin
PATH: /opt/local/sbin
PATH: /usr/bin
PATH: /bin
PATH: /usr/sbin
PATH: /sbin
PATH: /usr/local/bin
PATH: /usr/X11/bin


## ----------- ##
## Core tests. ##
## ----------- ##

configure:1945: checking for a BSD-compatible install
configure:2013: result: /usr/bin/install -c
configure:2024: checking whether build environment is sane
configure:2067: result: yes
configure:2092: checking for a thread-safe mkdir -p
configure:2131: result: ./install-sh -c -d
configure:2144: checking for gawk
configure:2174: result: no
configure:2144: checking for mawk
configure:2174: result: no
configure:2144: checking for nawk
configure:2174: result: no
configure:2144: checking for awk
configure:2160: found /usr/bin/awk
configure:2171: result: awk
configure:2182: checking whether make sets $(MAKE)
configure:2204: result: yes
configure:2440: checking for gcc
configure:2456: found /usr/bin/gcc
configure:2467: result: gcc
configure:2699: checking for C compiler version
configure:2707: gcc --version >&5
i686-apple-darwin9-gcc-4.0.1 (GCC) 4.0.1 (Apple Inc. build 5490)
Copyright (C) 2005 Free Software Foundation, Inc.
This is free software; see the source for copying conditions.  There is NO
warranty; not even for MERCHANTABILITY or FITNESS FOR A PARTICULAR PURPOSE.

configure:2711: $? = 0
configure:2718: gcc -v >&5
Using built-in specs.
Target: i686-apple-darwin9
Configured with: /var/tmp/gcc/gcc-5490~1/src/configure --disable-checking -enable-werror --prefix=/usr --mandir=/share/man --enable-languages=c,objc,c++,obj-c++ --program-transform-name=/^[cg][^.-]*$/s/$/-4.0/ --with-gxx-include-dir=/include/c++/4.0.0 --with-slibdir=/usr/lib --build=i686-apple-darwin9 --with-arch=apple --with-tune=generic --host=i686-apple-darwin9 --target=i686-apple-darwin9
Thread model: posix
gcc version 4.0.1 (Apple Inc. build 5490)
configure:2722: $? = 0
configure:2729: gcc -V >&5
gcc-4.0: argument to `-V' is missing
configure:2733: $? = 1
configure:2756: checking for C compiler default output file name
configure:2778: gcc    conftest.c  >&5
configure:2782: $? = 0
configure:2820: result: a.out
configure:2839: checking whether the C compiler works
configure:2849: ./a.out
configure:2853: $? = 0
configure:2872: result: yes
configure:2879: checking whether we are cross compiling
configure:2881: result: no
configure:2884: checking for suffix of executables
configure:2891: gcc -o conftest    conftest.c  >&5
configure:2895: $? = 0
configure:2921: result: 
configure:2927: checking for suffix of object files
configure:2953: gcc -c   conftest.c >&5
configure:2957: $? = 0
configure:2982: result: o
configure:2986: checking whether we are using the GNU C compiler
configure:3015: gcc -c   conftest.c >&5
configure:3022: $? = 0
configure:3039: result: yes
configure:3048: checking whether gcc accepts -g
configure:3078: gcc -c -g  conftest.c >&5
configure:3085: $? = 0
configure:3186: result: yes
configure:3203: checking for gcc option to accept ISO C89
configure:3277: gcc  -c -g -O2  conftest.c >&5
configure:3284: $? = 0
configure:3307: result: none needed
configure:3336: checking for style of include used by make
configure:3364: result: GNU
configure:3389: checking dependency style of gcc
configure:3480: result: gcc3
configure:3514: checking for a BSD-compatible install
configure:3582: result: /usr/bin/install -c
configure:3636: checking for ranlib
configure:3652: found /usr/bin/ranlib
configure:3663: result: ranlib
configure:3687: checking for inline
configure:3713: gcc -c -g -O2 -Wall  conftest.c >&5
configure:3720: $? = 0
configure:3738: result: inline
configure:3759: checking for main in -lm
configure:3788: gcc -o conftest -g -O2 -Wall   conftest.c -lm   >&5
configure:3795: $? = 0
configure:3816: result: yes
configure:3833: checking how to run the C preprocessor
configure:3873: gcc -E  conftest.c
configure:3880: $? = 0
configure:3911: gcc -E  conftest.c
conftest.c:11:28: error: ac_nonexistent.h: No such file or directory
configure:3918: $? = 1
configure: failed program was:
| /* confdefs.h.  */
| #define PACKAGE_NAME "streamripper"
| #define PACKAGE_TARNAME "streamripper"
| #define PACKAGE_VERSION "1.64.6"
| #define PACKAGE_STRING "streamripper 1.64.6"
| #define PACKAGE_BUGREPORT ""
| #define PACKAGE "streamripper"
| #define VERSION "1.64.6"
| #define HAVE_LIBM 1
| /* end confdefs.h.  */
| #include <ac_nonexistent.h>
configure:3951: result: gcc -E
configure:3980: gcc -E  conftest.c
configure:3987: $? = 0
configure:4018: gcc -E  conftest.c
conftest.c:11:28: error: ac_nonexistent.h: No such file or directory
configure:4025: $? = 1
configure: failed program was:
| /* confdefs.h.  */
| #define PACKAGE_NAME "streamripper"
| #define PACKAGE_TARNAME "streamripper"
| #define PACKAGE_VERSION "1.64.6"
| #define PACKAGE_STRING "streamripper 1.64.6"
| #define PACKAGE_BUGREPORT ""
| #define PACKAGE "streamripper"
| #define VERSION "1.64.6"
| #define HAVE_LIBM 1
| /* end confdefs.h.  */
| #include <ac_nonexistent.h>
configure:4065: checking for grep that handles long lines and -e
configure:4125: result: /usr/bin/grep
configure:4130: checking for egrep
configure:4194: result: /usr/bin/grep -E
configure:4199: checking for ANSI C header files
configure:4229: gcc -c -g -O2 -Wall  conftest.c >&5
configure:4236: $? = 0
configure:4335: gcc -o conftest -g -O2 -Wall   conftest.c -lm  >&5
configure:4339: $? = 0
configure:4345: ./conftest
configure:4349: $? = 0
configure:4367: result: yes
configure:4391: checking for sys/types.h
configure:4412: gcc -c -g -O2 -Wall  conftest.c >&5
configure:4419: $? = 0
configure:4436: result: yes
configure:4391: checking for sys/stat.h
configure:4412: gcc -c -g -O2 -Wall  conftest.c >&5
configure:4419: $? = 0
configure:4436: result: yes
configure:4391: checking for stdlib.h
configure:4412: gcc -c -g -O2 -Wall  conftest.c >&5
configure:4419: $? = 0
configure:4436: result: yes
configure:4391: checking for string.h
configure:4412: gcc -c -g -O2 -Wall  conftest.c >&5
configure:4419: $? = 0
configure:4436: result: yes
configure:4391: checking for memory.h
configure:4412: gcc -c -g -O2 -Wall  conftest.c >&5
configure:4419: $? = 0
configure:4436: result: yes
configure:4391: checking for strings.h
configure:4412: gcc -c -g -O2 -Wall  conftest.c >&5
configure:4419: $? = 0
configure:4436: result: yes
configure:4391: checking for inttypes.h
configure:4412: gcc -c -g -O2 -Wall  conftest.c >&5
configure:4419: $? = 0
configure:4436: result: yes
configure:4391: checking for stdint.h
configure:4412: gcc -c -g -O2 -Wall  conftest.c >&5
configure:4419: $? = 0
configure:4436: result: yes
configure:4391: checking for unistd.h
configure:4412: gcc -c -g -O2 -Wall  conftest.c >&5
configure:4419: $? = 0
configure:4436: result: yes
configure:4452: checking for working alloca.h
configure:4479: gcc -o conftest -g -O2 -Wall   conftest.c -lm  >&5
configure:4486: $? = 0
configure:4506: result: yes
configure:4516: checking for alloca
configure:4563: gcc -o conftest -g -O2 -Wall   conftest.c -lm  >&5
configure:4570: $? = 0
configure:4590: result: yes
configure:4936: checking for pkg-config
configure:4954: found /usr/local/bin/pkg-config
configure:4966: result: /usr/local/bin/pkg-config
configure:4991: checking pkg-config is at least version 0.7
configure:4994: result: yes
configure:5012: checking for GLIB - version >= 2.16.0
configure:5175: result: no
configure:5213: gcc -o conftest -g -O2 -Wall  -D__UNIX__  conftest.c -lm   >&5
conftest.c:24:18: error: glib.h: No such file or directory
conftest.c: In function 'main':
conftest.c:30: error: 'glib_major_version' undeclared (first use in this function)
conftest.c:30: error: (Each undeclared identifier is reported only once
conftest.c:30: error: for each function it appears in.)
conftest.c:30: error: 'glib_minor_version' undeclared (first use in this function)
conftest.c:30: error: 'glib_micro_version' undeclared (first use in this function)
configure:5220: $? = 1
configure: failed program was:
| /* confdefs.h.  */
| #define PACKAGE_NAME "streamripper"
| #define PACKAGE_TARNAME "streamripper"
| #define PACKAGE_VERSION "1.64.6"
| #define PACKAGE_STRING "streamripper 1.64.6"
| #define PACKAGE_BUGREPORT ""
| #define PACKAGE "streamripper"
| #define VERSION "1.64.6"
| #define HAVE_LIBM 1
| #define STDC_HEADERS 1
| #define HAVE_SYS_TYPES_H 1
| #define HAVE_SYS_STAT_H 1
| #define HAVE_STDLIB_H 1
| #define HAVE_STRING_H 1
| #define HAVE_MEMORY_H 1
| #define HAVE_STRINGS_H 1
| #define HAVE_INTTYPES_H 1
| #define HAVE_STDINT_H 1
| #define HAVE_UNISTD_H 1
| #define HAVE_ALLOCA_H 1
| #define HAVE_ALLOCA 1
| /* end confdefs.h.  */
| 
| #include <glib.h>
| #include <stdio.h>
| 
| int
| main ()
| {
|  return ((glib_major_version) || (glib_minor_version) || (glib_micro_version));
|   ;
|   return 0;
| }
configure:5257: error: Glib 2.16 or greater required

## ---------------- ##
## Cache variables. ##
## ---------------- ##

ac_cv_c_compiler_gnu=yes
ac_cv_c_inline=inline
ac_cv_env_CC_set=
ac_cv_env_CC_value=
ac_cv_env_CFLAGS_set=
ac_cv_env_CFLAGS_value=
ac_cv_env_CPPFLAGS_set=
ac_cv_env_CPPFLAGS_value=
ac_cv_env_CPP_set=
ac_cv_env_CPP_value=
ac_cv_env_LDFLAGS_set=
ac_cv_env_LDFLAGS_value=
ac_cv_env_LIBS_set=
ac_cv_env_LIBS_value=
ac_cv_env_PKG_CONFIG_set=
ac_cv_env_PKG_CONFIG_value=
ac_cv_env_build_alias_set=
ac_cv_env_build_alias_value=
ac_cv_env_host_alias_set=
ac_cv_env_host_alias_value=
ac_cv_env_target_alias_set=
ac_cv_env_target_alias_value=
ac_cv_func_alloca_works=yes
ac_cv_header_inttypes_h=yes
ac_cv_header_memory_h=yes
ac_cv_header_stdc=yes
ac_cv_header_stdint_h=yes
ac_cv_header_stdlib_h=yes
ac_cv_header_string_h=yes
ac_cv_header_strings_h=yes
ac_cv_header_sys_stat_h=yes
ac_cv_header_sys_types_h=yes
ac_cv_header_unistd_h=yes
ac_cv_lib_m_main=yes
ac_cv_objext=o
ac_cv_path_EGREP='/usr/bin/grep -E'
ac_cv_path_GREP=/usr/bin/grep
ac_cv_path_ac_pt_PKG_CONFIG=/usr/local/bin/pkg-config
ac_cv_path_install='/usr/bin/install -c'
ac_cv_prog_AWK=awk
ac_cv_prog_CPP='gcc -E'
ac_cv_prog_ac_ct_CC=gcc
ac_cv_prog_ac_ct_RANLIB=ranlib
ac_cv_prog_cc_c89=
ac_cv_prog_cc_g=yes
ac_cv_prog_make_make_set=yes
ac_cv_working_alloca_h=yes
am_cv_CC_dependencies_compiler_type=gcc3

## ----------------- ##
## Output variables. ##
## ----------------- ##

ACLOCAL='${SHELL} /Users/bh0085/Programming/Bash/xstreamripper/streamripper-1.64.6/missing --run aclocal-1.10'
ALLOCA=''
AMDEPBACKSLASH='\'
AMDEP_FALSE='#'
AMDEP_TRUE=''
AMTAR='${SHELL} /Users/bh0085/Programming/Bash/xstreamripper/streamripper-1.64.6/missing --run tar'
AUTOCONF='${SHELL} /Users/bh0085/Programming/Bash/xstreamripper/streamripper-1.64.6/missing --run autoconf'
AUTOHEADER='${SHELL} /Users/bh0085/Programming/Bash/xstreamripper/streamripper-1.64.6/missing --run autoheader'
AUTOMAKE='${SHELL} /Users/bh0085/Programming/Bash/xstreamripper/streamripper-1.64.6/missing --run automake-1.10'
AWK='awk'
CC='gcc'
CCDEPMODE='depmode=gcc3'
CFLAGS='-g -O2 -Wall'
CPP='gcc -E'
CPPFLAGS='-D__UNIX__'
CYGPATH_W='echo'
DEFS=''
DEPDIR='.deps'
ECHO_C='\c'
ECHO_N=''
ECHO_T=''
EGREP='/usr/bin/grep -E'
EXEEXT=''
FAAD_LIBS=''
GLIB_CFLAGS=''
GLIB_GENMARSHAL=''
GLIB_LIBS=''
GLIB_MKENUMS=''
GOBJECT_QUERY=''
GREP='/usr/bin/grep'
INSTALL_DATA='${INSTALL} -m 644'
INSTALL_PROGRAM='${INSTALL}'
INSTALL_SCRIPT='${INSTALL}'
INSTALL_STRIP_PROGRAM='$(install_sh) -c -s'
LDFLAGS=''
LIBCHARSET=''
LIBIBERTY_LIBS=''
LIBICONV=''
LIBMAD=''
LIBOBJS=''
LIBS='-lm '
LTLIBICONV=''
LTLIBOBJS=''
MAKEINFO='${SHELL} /Users/bh0085/Programming/Bash/xstreamripper/streamripper-1.64.6/missing --run makeinfo'
MKDIR_P='./install-sh -c -d'
OBJEXT='o'
OGG_CFLAGS=''
OGG_LIBS=''
PACKAGE='streamripper'
PACKAGE_BUGREPORT=''
PACKAGE_NAME='streamripper'
PACKAGE_STRING='streamripper 1.64.6'
PACKAGE_TARNAME='streamripper'
PACKAGE_VERSION='1.64.6'
PATH_SEPARATOR=':'
PKG_CONFIG='/usr/local/bin/pkg-config'
RANLIB='ranlib'
SET_MAKE=''
SHELL='/bin/sh'
STRIP=''
SUBDIR_LIBMAD_FALSE=''
SUBDIR_LIBMAD_TRUE=''
THREADLIBS=''
USE_INCLUDED_ARGV_FALSE=''
USE_INCLUDED_ARGV_TRUE=''
VERSION='1.64.6'
VORBISENC_LIBS=''
VORBISFILE_LIBS=''
VORBIS_CFLAGS=''
VORBIS_LIBS=''
WANT_CSTREAMRIPPER_FALSE=''
WANT_CSTREAMRIPPER_TRUE=''
ac_ct_CC='gcc'
am__fastdepCC_FALSE='#'
am__fastdepCC_TRUE=''
am__include='include'
am__isrc=''
am__leading_dot='.'
am__quote=''
am__tar='${AMTAR} chof - "$$tardir"'
am__untar='${AMTAR} xf -'
bindir='${exec_prefix}/bin'
build=''
build_alias=''
build_cpu=''
build_os=''
build_vendor=''
datadir='${datarootdir}'
datarootdir='${prefix}/share'
docdir='${datarootdir}/doc/${PACKAGE_TARNAME}'
dvidir='${docdir}'
exec_prefix='NONE'
host=''
host_alias=''
host_cpu=''
host_os=''
host_vendor=''
htmldir='${docdir}'
includedir='${prefix}/include'
infodir='${datarootdir}/info'
install_sh='$(SHELL) /Users/bh0085/Programming/Bash/xstreamripper/streamripper-1.64.6/install-sh'
libdir='${exec_prefix}/lib'
libexecdir='${exec_prefix}/libexec'
localedir='${datarootdir}/locale'
localstatedir='${prefix}/var'
mandir='${datarootdir}/man'
mkdir_p='$(top_builddir)/./install-sh -c -d'
oldincludedir='/usr/include'
pdfdir='${docdir}'
prefix='NONE'
program_transform_name='s,x,x,'
psdir='${docdir}'
sbindir='${exec_prefix}/sbin'
sharedstatedir='${prefix}/com'
subdirs=''
sysconfdir='${prefix}/etc'
target_alias=''

## ----------- ##
## confdefs.h. ##
## ----------- ##

#define PACKAGE_NAME "streamripper"
#define PACKAGE_TARNAME "streamripper"
#define PACKAGE_VERSION "1.64.6"
#define PACKAGE_STRING "streamripper 1.64.6"
#define PACKAGE_BUGREPORT ""
#define PACKAGE "streamripper"
#define VERSION "1.64.6"
#define HAVE_LIBM 1
#define STDC_HEADERS 1
#define HAVE_SYS_TYPES_H 1
#define HAVE_SYS_STAT_H 1
#define HAVE_STDLIB_H 1
#define HAVE_STRING_H 1
#define HAVE_MEMORY_H 1
#define HAVE_STRINGS_H 1
#define HAVE_INTTYPES_H 1
#define HAVE_STDINT_H 1
#define HAVE_UNISTD_H 1
#define HAVE_ALLOCA_H 1
#define HAVE_ALLOCA 1

configure: exit 1
